<?xml version="1.0" encoding="UTF-8"?>
<!-- Generated by org.testng.reporters.JUnitXMLReporter -->
<testsuite ignored="0" hostname="DESKTOP-5IK2IB9" failures="1" tests="1" name="Registration" time="5.943" errors="0" timestamp="2023-11-09T19:05:26 IST">
  <testcase classname="com.w2a.testcases.LoginTestcase" name="launchbrowser" time="5.908">
    <failure type="java.lang.NoSuchMethodError" message="&amp;apos;byte[] org.apache.poi.util.IOUtils.toByteArray(java.io.InputStream, int, int)&amp;apos;">
      <![CDATA[java.lang.NoSuchMethodError: 'byte[] org.apache.poi.util.IOUtils.toByteArray(java.io.InputStream, int, int)'
at org.apache.poi.openxml4j.util.ZipArchiveFakeEntry.<init>(ZipArchiveFakeEntry.java:82)
at org.apache.poi.openxml4j.util.ZipInputStreamZipEntrySource.<init>(ZipInputStreamZipEntrySource.java:98)
at org.apache.poi.openxml4j.opc.ZipPackage.<init>(ZipPackage.java:132)
at org.apache.poi.openxml4j.opc.OPCPackage.open(OPCPackage.java:319)
at org.apache.poi.ooxml.util.PackageHelper.open(PackageHelper.java:59)
at org.apache.poi.xssf.usermodel.XSSFWorkbook.<init>(XSSFWorkbook.java:290)
at org.apache.poi.xssf.usermodel.XSSFWorkbook.<init>(XSSFWorkbook.java:286)
at com.excel.utility.Xls_Reader.<init>(Xls_Reader.java:38)
at com.w2a.base.TestBase.Login(TestBase.java:72)
at com.w2a.testcases.LoginTestcase.launchbrowser(LoginTestcase.java:17)
at java.base/java.util.ArrayList.forEach(ArrayList.java:1511)
... Removed 27 stack frames]]>
    </failure>
  </testcase> <!-- launchbrowser -->
</testsuite> <!-- Registration -->
