<?xml version="1.0" encoding="UTF-8"?>
<testng-results ignored="0" total="1" passed="1" failed="0" skipped="0">
  <reporter-output>
  </reporter-output>
  <suite started-at="2023-11-08T13:06:21 IST" name="Data Driven Basics" finished-at="2023-11-08T13:06:26 IST" duration-ms="4336">
    <groups>
    </groups>
    <test started-at="2023-11-08T13:06:21 IST" name="Registration" finished-at="2023-11-08T13:06:26 IST" duration-ms="4336">
      <class name="com.w2a.testcases.RegistredTestcases">
        <test-method signature="launchbrowser()[pri:0, instance:com.w2a.testcases.RegistredTestcases@7ce69770]" started-at="2023-11-08T13:06:21 IST" name="launchbrowser" finished-at="2023-11-08T13:06:26 IST" duration-ms="4302" status="PASS">
          <reporter-output>
          </reporter-output>
        </test-method> <!-- launchbrowser -->
      </class> <!-- com.w2a.testcases.RegistredTestcases -->
    </test> <!-- Registration -->
  </suite> <!-- Data Driven Basics -->
</testng-results>
