<?xml version="1.0" encoding="UTF-8"?>
<testng-results ignored="0" total="1" passed="1" failed="0" skipped="0">
  <reporter-output>
  </reporter-output>
  <suite started-at="2023-11-02T14:43:57 IST" name="Data Driven Basics" finished-at="2023-11-02T14:44:05 IST" duration-ms="8215">
    <groups>
    </groups>
    <test started-at="2023-11-02T14:43:57 IST" name="Registration" finished-at="2023-11-02T14:44:05 IST" duration-ms="8215">
      <class name="com.w2a.testcases.RegistredTestcases">
        <test-method signature="Registration()[pri:0, instance:com.w2a.testcases.RegistredTestcases@2b40ff9c]" started-at="2023-11-02T14:43:57 IST" name="Registration" finished-at="2023-11-02T14:44:05 IST" duration-ms="8170" status="PASS">
          <reporter-output>
          </reporter-output>
        </test-method> <!-- Registration -->
      </class> <!-- com.w2a.testcases.RegistredTestcases -->
    </test> <!-- Registration -->
  </suite> <!-- Data Driven Basics -->
</testng-results>
